This is pdfTeX, Version 3.141592653-2.6-1.40.29 (MiKTeX 26.2) (preloaded format=pdflatex 2026.3.31)  9 APR 2026 21:55
entering extended mode
 restricted \write18 enabled.
 file:line:error style messages enabled.
 %&-line parsing enabled.
**"g:/My Drive/PAPERS/DATACENTERS IMPERIAL/DCFlex/MANUSCRIPT/revised_manuscript_2.tex"
(g:/My Drive/PAPERS/DATACENTERS IMPERIAL/DCFlex/MANUSCRIPT/revised_manuscript_2.tex
LaTeX2e <2025-11-01>
L3 programming layer <2026-01-19>
(elsarticle.cls
Document Class: elsarticle 2020/11/20, 3.3: Elsevier Ltd
(C:\Users\citcea\AppData\Local\Programs\MiKTeX\tex/latex/l3kernel\expl3.sty
Package: expl3 2026-01-19 L3 programming layer (loader) 
 (C:\Users\citcea\AppData\Local\Programs\MiKTeX\tex/latex/l3backend\l3backend-pdftex.def
File: l3backend-pdftex.def 2025-10-09 L3 backend support: PDF output (pdfTeX)
\l__color_backend_stack_int=\count275
)) (C:\Users\citcea\AppData\Local\Programs\MiKTeX\tex/latex/l3packages/xparse\xparse.sty
Package: xparse 2025-10-09 L3 Experimental document command parser
) (C:\Users\citcea\AppData\Local\Programs\MiKTeX\tex/latex/etoolbox\etoolbox.sty
Package: etoolbox 2025/10/02 v2.5m e-TeX tools for LaTeX (JAW)
\etb@tempcnta=\count276
)
\@bls=\dimen148
 (C:\Users\citcea\AppData\Local\Programs\MiKTeX\tex/latex/base\article.cls
Document Class: article 2025/01/22 v1.4n Standard LaTeX document class
(C:\Users\citcea\AppData\Local\Programs\MiKTeX\tex/latex/base\size12.clo
File: size12.clo 2025/01/22 v1.4n Standard LaTeX file (size option)
)
\c@part=\count277
\c@section=\count278
\c@subsection=\count279
\c@subsubsection=\count280
\c@paragraph=\count281
\c@subparagraph=\count282
\c@figure=\count283
\c@table=\count284
\abovecaptionskip=\skip49
\belowcaptionskip=\skip50
\bibindent=\dimen149
) (C:\Users\citcea\AppData\Local\Programs\MiKTeX\tex/latex/graphics\graphicx.sty
Package: graphicx 2024/12/31 v1.2e Enhanced LaTeX Graphics (DPC,SPQR)
 (C:\Users\citcea\AppData\Local\Programs\MiKTeX\tex/latex/graphics\keyval.sty
Package: keyval 2022/05/29 v1.15 key=value parser (DPC)
\KV@toks@=\toks17
) (C:\Users\citcea\AppData\Local\Programs\MiKTeX\tex/latex/graphics\graphics.sty
Package: graphics 2024/08/06 v1.4g Standard LaTeX Graphics (DPC,SPQR)
 (C:\Users\citcea\AppData\Local\Programs\MiKTeX\tex/latex/graphics\trig.sty
Package: trig 2023/12/02 v1.11 sin cos tan (DPC)
) (C:\Users\citcea\AppData\Local\Programs\MiKTeX\tex/latex/graphics-cfg\graphics.cfg
File: graphics.cfg 2016/06/04 v1.11 sample graphics configuration
)
Package graphics Info: Driver file: pdftex.def on input line 106.
 (C:\Users\citcea\AppData\Local\Programs\MiKTeX\tex/latex/graphics-def\pdftex.def
File: pdftex.def 2025/09/29 v1.2d Graphics/color driver for pdftex
))
\Gin@req@height=\dimen150
\Gin@req@width=\dimen151
)
\c@tnote=\count285
\c@fnote=\count286
\c@cnote=\count287
\c@ead=\count288
\c@author=\count289
\@eadauthor=\toks18
\c@affn=\count290
\absbox=\box53
\elsarticlehighlightsbox=\box54
\elsarticlegrabsbox=\box55
\keybox=\box56
\Columnwidth=\dimen152
\space@left=\dimen153
\els@boxa=\box57
\els@boxb=\box58
\leftMargin=\dimen154
\@enLab=\toks19
\@sep=\skip51
\@@sep=\skip52
 (revised_manuscript_2.spl) (C:\Users\citcea\AppData\Local\Programs\MiKTeX\tex/latex/natbib\natbib.sty
Package: natbib 2010/09/13 8.31b (PWD, AO)
\bibhang=\skip53
\bibsep=\skip54
LaTeX Info: Redefining \cite on input line 694.
\c@NAT@ctr=\count291
)
\splwrite=\write3
\openout3 = `revised_manuscript_2.spl'.

\appnamewidth=\dimen155
) (C:\Users\citcea\AppData\Local\Programs\MiKTeX\tex/latex/diagbox\diagbox.sty
Package: diagbox 2020/02/09 v2.3 Making table heads with diagonal lines
 (C:\Users\citcea\AppData\Local\Programs\MiKTeX\tex/latex/pict2e\pict2e.sty
Package: pict2e 2020/09/30 v0.4b Improved picture commands (HjG,RN,JT)
 (C:\Users\citcea\AppData\Local\Programs\MiKTeX\tex/latex/pict2e\pict2e.cfg
File: pict2e.cfg 2016/02/05 v0.1u pict2e configuration for teTeX/TeXLive
)
Package pict2e Info: Driver file: pdftex.def on input line 112.
Package pict2e Info: Driver file for pict2e: p2e-pdftex.def on input line 114.
 (C:\Users\citcea\AppData\Local\Programs\MiKTeX\tex/latex/pict2e\p2e-pdftex.def
File: p2e-pdftex.def 2016/02/05 v0.1u Driver-dependant file (RN,HjG,JT)
)
\pIIe@GRAPH=\toks20
\@arclen=\dimen156
\@arcrad=\dimen157
\pIIe@tempdima=\dimen158
\pIIe@tempdimb=\dimen159
\pIIe@tempdimc=\dimen160
\pIIe@tempdimd=\dimen161
\pIIe@tempdime=\dimen162
\pIIe@tempdimf=\dimen163
) (C:\Users\citcea\AppData\Local\Programs\MiKTeX\tex/latex/tools\calc.sty
Package: calc 2025/03/01 v4.3b Infix arithmetic (KKT,FJ)
\calc@Acount=\count292
\calc@Bcount=\count293
\calc@Adimen=\dimen164
\calc@Bdimen=\dimen165
\calc@Askip=\skip55
\calc@Bskip=\skip56
LaTeX Info: Redefining \setlength on input line 86.
LaTeX Info: Redefining \addtolength on input line 87.
\calc@Ccount=\count294
\calc@Cskip=\skip57
) (C:\Users\citcea\AppData\Local\Programs\MiKTeX\tex/latex/tools\array.sty
Package: array 2025/09/25 v2.6n Tabular extension package (FMi)
\col@sep=\dimen166
\ar@mcellbox=\box59
\extrarowheight=\dimen167
\NC@list=\toks21
\extratabsurround=\skip58
\backup@length=\skip59
\ar@cellbox=\box60
)
\diagbox@boxa=\box61
\diagbox@boxb=\box62
\diagbox@boxm=\box63
\diagbox@wd=\dimen168
\diagbox@ht=\dimen169
\diagbox@insepl=\dimen170
\diagbox@insepr=\dimen171
\diagbox@outsepl=\dimen172
\diagbox@outsepr=\dimen173
) (C:\Users\citcea\AppData\Local\Programs\MiKTeX\tex/latex/xcolor\xcolor.sty
Package: xcolor 2024/09/29 v3.02 LaTeX color extensions (UK)
 (C:\Users\citcea\AppData\Local\Programs\MiKTeX\tex/latex/graphics-cfg\color.cfg
File: color.cfg 2016/01/02 v1.6 sample color configuration
)
Package xcolor Info: Driver file: pdftex.def on input line 274.
 (C:\Users\citcea\AppData\Local\Programs\MiKTeX\tex/latex/graphics\mathcolor.ltx)
Package xcolor Info: Model `cmy' substituted by `cmy0' on input line 1349.
Package xcolor Info: Model `hsb' substituted by `rgb' on input line 1353.
Package xcolor Info: Model `RGB' extended on input line 1365.
Package xcolor Info: Model `HTML' substituted by `rgb' on input line 1367.
Package xcolor Info: Model `Hsb' substituted by `hsb' on input line 1368.
Package xcolor Info: Model `tHsb' substituted by `hsb' on input line 1369.
Package xcolor Info: Model `HSB' substituted by `hsb' on input line 1370.
Package xcolor Info: Model `Gray' substituted by `gray' on input line 1371.
Package xcolor Info: Model `wave' substituted by `hsb' on input line 1372.
) (C:\Users\citcea\AppData\Local\Programs\MiKTeX\tex/latex/booktabs\booktabs.sty
Package: booktabs 2020/01/12 v1.61803398 Publication quality tables
\heavyrulewidth=\dimen174
\lightrulewidth=\dimen175
\cmidrulewidth=\dimen176
\belowrulesep=\dimen177
\belowbottomsep=\dimen178
\aboverulesep=\dimen179
\abovetopsep=\dimen180
\cmidrulesep=\dimen181
\cmidrulekern=\dimen182
\defaultaddspace=\dimen183
\@cmidla=\count295
\@cmidlb=\count296
\@aboverulesep=\dimen184
\@belowrulesep=\dimen185
\@thisruleclass=\count297
\@lastruleclass=\count298
\@thisrulewidth=\dimen186
) (C:\Users\citcea\AppData\Local\Programs\MiKTeX\tex/latex/float\float.sty
Package: float 2001/11/08 v1.3d Float enhancements (AL)
\c@float@type=\count299
\float@exts=\toks22
\float@box=\box64
\@float@everytoks=\toks23
\@floatcapt=\box65
) (C:\Users\citcea\AppData\Local\Programs\MiKTeX\tex/latex/caption\subcaption.sty
Package: subcaption 2023/07/28 v1.6b Sub-captions (AR)
 (C:\Users\citcea\AppData\Local\Programs\MiKTeX\tex/latex/caption\caption.sty
Package: caption 2023/08/05 v3.6o Customizing captions (AR)
 (C:\Users\citcea\AppData\Local\Programs\MiKTeX\tex/latex/caption\caption3.sty
Package: caption3 2023/07/31 v2.4d caption3 kernel (AR)
\caption@tempdima=\dimen187
\captionmargin=\dimen188
\caption@leftmargin=\dimen189
\caption@rightmargin=\dimen190
\caption@width=\dimen191
\caption@indent=\dimen192
\caption@parindent=\dimen193
\caption@hangindent=\dimen194
Package caption Info: elsarticle document class detected.
 (C:\Users\citcea\AppData\Local\Programs\MiKTeX\tex/latex/caption\caption-elsarticle.sto
File: caption-elsarticle.sto 2020/08/22 v2.0 Adaption of the caption package to the elsarticle document class (AR)
))
\c@caption@flags=\count300
\c@continuedfloat=\count301
Package caption Info: float package is loaded.
)
Package caption Info: New subtype `subfigure' on input line 238.
\c@subfigure=\count302
Package caption Info: New subtype `subtable' on input line 238.
\c@subtable=\count303
) (C:\Users\citcea\AppData\Local\Programs\MiKTeX\tex/latex/amsmath\amsmath.sty
Package: amsmath 2025/07/09 v2.17z AMS math features
\@mathmargin=\skip60

For additional information on amsmath, use the `?' option.
(C:\Users\citcea\AppData\Local\Programs\MiKTeX\tex/latex/amsmath\amstext.sty
Package: amstext 2024/11/17 v2.01 AMS text
 (C:\Users\citcea\AppData\Local\Programs\MiKTeX\tex/latex/amsmath\amsgen.sty
File: amsgen.sty 1999/11/30 v2.0 generic functions
\@emptytoks=\toks24
\ex@=\dimen195
)) (C:\Users\citcea\AppData\Local\Programs\MiKTeX\tex/latex/amsmath\amsbsy.sty
Package: amsbsy 1999/11/29 v1.2d Bold Symbols
\pmbraise@=\dimen196
) (C:\Users\citcea\AppData\Local\Programs\MiKTeX\tex/latex/amsmath\amsopn.sty
Package: amsopn 2022/04/08 v2.04 operator names
)
\inf@bad=\count304
LaTeX Info: Redefining \frac on input line 233.
\uproot@=\count305
\leftroot@=\count306
LaTeX Info: Redefining \overline on input line 398.
LaTeX Info: Redefining \colon on input line 409.
\classnum@=\count307
\DOTSCASE@=\count308
LaTeX Info: Redefining \ldots on input line 495.
LaTeX Info: Redefining \dots on input line 498.
LaTeX Info: Redefining \cdots on input line 619.
\Mathstrutbox@=\box66
\strutbox@=\box67
LaTeX Info: Redefining \big on input line 721.
LaTeX Info: Redefining \Big on input line 722.
LaTeX Info: Redefining \bigg on input line 723.
LaTeX Info: Redefining \Bigg on input line 724.
\big@size=\dimen197
LaTeX Font Info:    Redeclaring font encoding OML on input line 742.
LaTeX Font Info:    Redeclaring font encoding OMS on input line 743.
\macc@depth=\count309
LaTeX Info: Redefining \bmod on input line 904.
LaTeX Info: Redefining \pmod on input line 909.
LaTeX Info: Redefining \smash on input line 939.
LaTeX Info: Redefining \relbar on input line 969.
LaTeX Info: Redefining \Relbar on input line 970.
\c@MaxMatrixCols=\count310
\dotsspace@=\muskip17
\c@parentequation=\count311
\dspbrk@lvl=\count312
\tag@help=\toks25
\row@=\count313
\column@=\count314
\maxfields@=\count315
\andhelp@=\toks26
\eqnshift@=\dimen198
\alignsep@=\dimen199
\tagshift@=\dimen256
\tagwidth@=\dimen257
\totwidth@=\dimen258
\lineht@=\dimen259
\@envbody=\toks27
\multlinegap=\skip61
\multlinetaggap=\skip62
\mathdisplay@stack=\toks28
LaTeX Info: Redefining \[ on input line 2950.
LaTeX Info: Redefining \] on input line 2951.
) (C:\Users\citcea\AppData\Local\Programs\MiKTeX\tex/latex/amsfonts\amssymb.sty
Package: amssymb 2013/01/14 v3.01 AMS font symbols
 (C:\Users\citcea\AppData\Local\Programs\MiKTeX\tex/latex/amsfonts\amsfonts.sty
Package: amsfonts 2013/01/14 v3.01 Basic AMSFonts support
\symAMSa=\mathgroup4
\symAMSb=\mathgroup5
LaTeX Font Info:    Redeclaring math symbol \hbar on input line 98.
LaTeX Font Info:    Overwriting math alphabet `\mathfrak' in version `bold'
(Font)                  U/euf/m/n --> U/euf/b/n on input line 106.
)) (C:\Users\citcea\AppData\Local\Programs\MiKTeX\tex/latex/cases\cases.sty
Package: cases 2020/03/29 ver 3.2
\numc@numwid=\dimen260
) (C:\Users\citcea\AppData\Local\Programs\MiKTeX\tex/latex/geometry\geometry.sty
Package: geometry 2026/03/07 v6.0 Page Geometry
 (C:\Users\citcea\AppData\Local\Programs\MiKTeX\tex/generic/iftex\ifvtex.sty
Package: ifvtex 2019/10/25 v1.7 ifvtex legacy package. Use iftex instead.
 (C:\Users\citcea\AppData\Local\Programs\MiKTeX\tex/generic/iftex\iftex.sty
Package: iftex 2024/12/12 v1.0g TeX engine tests
))
\Gm@cnth=\count316
\Gm@cntv=\count317
\c@Gm@tempcnt=\count318
\Gm@bindingoffset=\dimen261
\Gm@wd@mp=\dimen262
\Gm@odd@mp=\dimen263
\Gm@even@mp=\dimen264
\Gm@layoutwidth=\dimen265
\Gm@layoutheight=\dimen266
\Gm@layouthoffset=\dimen267
\Gm@layoutvoffset=\dimen268
\Gm@dimlist=\toks29
 (C:\Users\citcea\AppData\Local\Programs\MiKTeX\tex/latex/geometry\geometry.cfg)) (C:\Users\citcea\AppData\Local\Programs\MiKTeX\tex/latex/amscls\amsthm.sty
Package: amsthm 2020/05/29 v2.20.6
\thm@style=\toks30
\thm@bodyfont=\toks31
\thm@headfont=\toks32
\thm@notefont=\toks33
\thm@headpunct=\toks34
\thm@preskip=\skip63
\thm@postskip=\skip64
\thm@headsep=\skip65
\dth@everypar=\toks35
LaTeX Info: Redefining \qed on input line 273.
) (C:\Users\citcea\AppData\Local\Programs\MiKTeX\tex/latex/chngcntr\chngcntr.sty
Package: chngcntr 2018/04/09 v1.1a change counter resetting
Package chngcntr Info: \counterwithout already defined.
(chngcntr)             Quitting chngcntr on input line 21.
) (C:\Users\citcea\AppData\Local\Programs\MiKTeX\tex/latex/pgf/frontendlayer\tikz.sty (C:\Users\citcea\AppData\Local\Programs\MiKTeX\tex/latex/pgf/basiclayer\pgf.sty (C:\Users\citcea\AppData\Local\Programs\MiKTeX\tex/latex/pgf/utilities\pgfrcs.sty (C:\Users\citcea\AppData\Local\Programs\MiKTeX\tex/generic/pgf/utilities\pgfutil-common.tex
\pgfutil@everybye=\toks36
\pgfutil@tempdima=\dimen269
\pgfutil@tempdimb=\dimen270
) (C:\Users\citcea\AppData\Local\Programs\MiKTeX\tex/generic/pgf/utilities\pgfutil-latex.def
\pgfutil@abb=\box68
) (C:\Users\citcea\AppData\Local\Programs\MiKTeX\tex/generic/pgf/utilities\pgfrcs.code.tex (C:\Users\citcea\AppData\Local\Programs\MiKTeX\tex/generic/pgf\pgf.revision.tex)
Package: pgfrcs 2025-08-29 v3.1.11a (3.1.11a)
))
Package: pgf 2025-08-29 v3.1.11a (3.1.11a)
 (C:\Users\citcea\AppData\Local\Programs\MiKTeX\tex/latex/pgf/basiclayer\pgfcore.sty (C:\Users\citcea\AppData\Local\Programs\MiKTeX\tex/latex/pgf/systemlayer\pgfsys.sty (C:\Users\citcea\AppData\Local\Programs\MiKTeX\tex/generic/pgf/systemlayer\pgfsys.code.tex
Package: pgfsys 2025-08-29 v3.1.11a (3.1.11a)
 (C:\Users\citcea\AppData\Local\Programs\MiKTeX\tex/generic/pgf/utilities\pgfkeys.code.tex
\pgfkeys@pathtoks=\toks37
\pgfkeys@temptoks=\toks38
 (C:\Users\citcea\AppData\Local\Programs\MiKTeX\tex/generic/pgf/utilities\pgfkeyslibraryfiltered.code.tex
\pgfkeys@tmptoks=\toks39
))
\pgf@x=\dimen271
\pgf@y=\dimen272
\pgf@xa=\dimen273
\pgf@ya=\dimen274
\pgf@xb=\dimen275
\pgf@yb=\dimen276
\pgf@xc=\dimen277
\pgf@yc=\dimen278
\pgf@xd=\dimen279
\pgf@yd=\dimen280
\w@pgf@writea=\write4
\r@pgf@reada=\read2
\c@pgf@counta=\count319
\c@pgf@countb=\count320
\c@pgf@countc=\count321
\c@pgf@countd=\count322
\t@pgf@toka=\toks40
\t@pgf@tokb=\toks41
\t@pgf@tokc=\toks42
\pgf@sys@id@count=\count323
 (C:\Users\citcea\AppData\Local\Programs\MiKTeX\tex/generic/pgf/systemlayer\pgf.cfg
File: pgf.cfg 2025-08-29 v3.1.11a (3.1.11a)
)
Driver file for pgf: pgfsys-pdftex.def
 (C:\Users\citcea\AppData\Local\Programs\MiKTeX\tex/generic/pgf/systemlayer\pgfsys-pdftex.def
File: pgfsys-pdftex.def 2025-08-29 v3.1.11a (3.1.11a)
 (C:\Users\citcea\AppData\Local\Programs\MiKTeX\tex/generic/pgf/systemlayer\pgfsys-common-pdf.def
File: pgfsys-common-pdf.def 2025-08-29 v3.1.11a (3.1.11a)
))) (C:\Users\citcea\AppData\Local\Programs\MiKTeX\tex/generic/pgf/systemlayer\pgfsyssoftpath.code.tex
File: pgfsyssoftpath.code.tex 2025-08-29 v3.1.11a (3.1.11a)
\pgfsyssoftpath@smallbuffer@items=\count324
\pgfsyssoftpath@bigbuffer@items=\count325
) (C:\Users\citcea\AppData\Local\Programs\MiKTeX\tex/generic/pgf/systemlayer\pgfsysprotocol.code.tex
File: pgfsysprotocol.code.tex 2025-08-29 v3.1.11a (3.1.11a)
)) (C:\Users\citcea\AppData\Local\Programs\MiKTeX\tex/generic/pgf/basiclayer\pgfcore.code.tex
Package: pgfcore 2025-08-29 v3.1.11a (3.1.11a)
 (C:\Users\citcea\AppData\Local\Programs\MiKTeX\tex/generic/pgf/math\pgfmath.code.tex (C:\Users\citcea\AppData\Local\Programs\MiKTeX\tex/generic/pgf/math\pgfmathutil.code.tex) (C:\Users\citcea\AppData\Local\Programs\MiKTeX\tex/generic/pgf/math\pgfmathparser.code.tex
\pgfmath@dimen=\dimen281
\pgfmath@count=\count326
\pgfmath@box=\box69
\pgfmath@toks=\toks43
\pgfmath@stack@operand=\toks44
\pgfmath@stack@operation=\toks45
) (C:\Users\citcea\AppData\Local\Programs\MiKTeX\tex/generic/pgf/math\pgfmathfunctions.code.tex) (C:\Users\citcea\AppData\Local\Programs\MiKTeX\tex/generic/pgf/math\pgfmathfunctions.basic.code.tex) (C:\Users\citcea\AppData\Local\Programs\MiKTeX\tex/generic/pgf/math\pgfmathfunctions.trigonometric.code.tex) (C:\Users\citcea\AppData\Local\Programs\MiKTeX\tex/generic/pgf/math\pgfmathfunctions.random.code.tex) (C:\Users\citcea\AppData\Local\Programs\MiKTeX\tex/generic/pgf/math\pgfmathfunctions.comparison.code.tex) (C:\Users\citcea\AppData\Local\Programs\MiKTeX\tex/generic/pgf/math\pgfmathfunctions.base.code.tex) (C:\Users\citcea\AppData\Local\Programs\MiKTeX\tex/generic/pgf/math\pgfmathfunctions.round.code.tex) (C:\Users\citcea\AppData\Local\Programs\MiKTeX\tex/generic/pgf/math\pgfmathfunctions.misc.code.tex) (C:\Users\citcea\AppData\Local\Programs\MiKTeX\tex/generic/pgf/math\pgfmathfunctions.integerarithmetics.code.tex) (C:\Users\citcea\AppData\Local\Programs\MiKTeX\tex/generic/pgf/math\pgfmathcalc.code.tex) (C:\Users\citcea\AppData\Local\Programs\MiKTeX\tex/generic/pgf/math\pgfmathfloat.code.tex
\c@pgfmathroundto@lastzeros=\count327
)) (C:\Users\citcea\AppData\Local\Programs\MiKTeX\tex/generic/pgf/math\pgfint.code.tex) (C:\Users\citcea\AppData\Local\Programs\MiKTeX\tex/generic/pgf/basiclayer\pgfcorepoints.code.tex
File: pgfcorepoints.code.tex 2025-08-29 v3.1.11a (3.1.11a)
\pgf@picminx=\dimen282
\pgf@picmaxx=\dimen283
\pgf@picminy=\dimen284
\pgf@picmaxy=\dimen285
\pgf@pathminx=\dimen286
\pgf@pathmaxx=\dimen287
\pgf@pathminy=\dimen288
\pgf@pathmaxy=\dimen289
\pgf@xx=\dimen290
\pgf@xy=\dimen291
\pgf@yx=\dimen292
\pgf@yy=\dimen293
\pgf@zx=\dimen294
\pgf@zy=\dimen295
) (C:\Users\citcea\AppData\Local\Programs\MiKTeX\tex/generic/pgf/basiclayer\pgfcorepathconstruct.code.tex
File: pgfcorepathconstruct.code.tex 2025-08-29 v3.1.11a (3.1.11a)
\pgf@path@lastx=\dimen296
\pgf@path@lasty=\dimen297
) (C:\Users\citcea\AppData\Local\Programs\MiKTeX\tex/generic/pgf/basiclayer\pgfcorepathusage.code.tex
File: pgfcorepathusage.code.tex 2025-08-29 v3.1.11a (3.1.11a)
\pgf@shorten@end@additional=\dimen298
\pgf@shorten@start@additional=\dimen299
) (C:\Users\citcea\AppData\Local\Programs\MiKTeX\tex/generic/pgf/basiclayer\pgfcorescopes.code.tex
File: pgfcorescopes.code.tex 2025-08-29 v3.1.11a (3.1.11a)
\pgfpic=\box70
\pgf@hbox=\box71
\pgf@layerbox@main=\box72
\pgf@picture@serial@count=\count328
) (C:\Users\citcea\AppData\Local\Programs\MiKTeX\tex/generic/pgf/basiclayer\pgfcoregraphicstate.code.tex
File: pgfcoregraphicstate.code.tex 2025-08-29 v3.1.11a (3.1.11a)
\pgflinewidth=\dimen300
) (C:\Users\citcea\AppData\Local\Programs\MiKTeX\tex/generic/pgf/basiclayer\pgfcoretransformations.code.tex
File: pgfcoretransformations.code.tex 2025-08-29 v3.1.11a (3.1.11a)
\pgf@pt@x=\dimen301
\pgf@pt@y=\dimen302
\pgf@pt@temp=\dimen303
) (C:\Users\citcea\AppData\Local\Programs\MiKTeX\tex/generic/pgf/basiclayer\pgfcorequick.code.tex
File: pgfcorequick.code.tex 2025-08-29 v3.1.11a (3.1.11a)
) (C:\Users\citcea\AppData\Local\Programs\MiKTeX\tex/generic/pgf/basiclayer\pgfcoreobjects.code.tex
File: pgfcoreobjects.code.tex 2025-08-29 v3.1.11a (3.1.11a)
) (C:\Users\citcea\AppData\Local\Programs\MiKTeX\tex/generic/pgf/basiclayer\pgfcorepathprocessing.code.tex
File: pgfcorepathprocessing.code.tex 2025-08-29 v3.1.11a (3.1.11a)
) (C:\Users\citcea\AppData\Local\Programs\MiKTeX\tex/generic/pgf/basiclayer\pgfcorearrows.code.tex
File: pgfcorearrows.code.tex 2025-08-29 v3.1.11a (3.1.11a)
\pgfarrowsep=\dimen304
) (C:\Users\citcea\AppData\Local\Programs\MiKTeX\tex/generic/pgf/basiclayer\pgfcoreshade.code.tex
File: pgfcoreshade.code.tex 2025-08-29 v3.1.11a (3.1.11a)
\pgf@max=\dimen305
\pgf@sys@shading@range@num=\count329
\pgf@shadingcount=\count330
) (C:\Users\citcea\AppData\Local\Programs\MiKTeX\tex/generic/pgf/basiclayer\pgfcoreimage.code.tex
File: pgfcoreimage.code.tex 2025-08-29 v3.1.11a (3.1.11a)
) (C:\Users\citcea\AppData\Local\Programs\MiKTeX\tex/generic/pgf/basiclayer\pgfcoreexternal.code.tex
File: pgfcoreexternal.code.tex 2025-08-29 v3.1.11a (3.1.11a)
\pgfexternal@startupbox=\box73
) (C:\Users\citcea\AppData\Local\Programs\MiKTeX\tex/generic/pgf/basiclayer\pgfcorelayers.code.tex
File: pgfcorelayers.code.tex 2025-08-29 v3.1.11a (3.1.11a)
) (C:\Users\citcea\AppData\Local\Programs\MiKTeX\tex/generic/pgf/basiclayer\pgfcoretransparency.code.tex
File: pgfcoretransparency.code.tex 2025-08-29 v3.1.11a (3.1.11a)
) (C:\Users\citcea\AppData\Local\Programs\MiKTeX\tex/generic/pgf/basiclayer\pgfcorepatterns.code.tex
File: pgfcorepatterns.code.tex 2025-08-29 v3.1.11a (3.1.11a)
) (C:\Users\citcea\AppData\Local\Programs\MiKTeX\tex/generic/pgf/basiclayer\pgfcorerdf.code.tex
File: pgfcorerdf.code.tex 2025-08-29 v3.1.11a (3.1.11a)
))) (C:\Users\citcea\AppData\Local\Programs\MiKTeX\tex/generic/pgf/modules\pgfmoduleshapes.code.tex
File: pgfmoduleshapes.code.tex 2025-08-29 v3.1.11a (3.1.11a)
\pgfnodeparttextbox=\box74
) (C:\Users\citcea\AppData\Local\Programs\MiKTeX\tex/generic/pgf/modules\pgfmoduleplot.code.tex
File: pgfmoduleplot.code.tex 2025-08-29 v3.1.11a (3.1.11a)
) (C:\Users\citcea\AppData\Local\Programs\MiKTeX\tex/latex/pgf/compatibility\pgfcomp-version-0-65.sty
Package: pgfcomp-version-0-65 2025-08-29 v3.1.11a (3.1.11a)
\pgf@nodesepstart=\dimen306
\pgf@nodesepend=\dimen307
) (C:\Users\citcea\AppData\Local\Programs\MiKTeX\tex/latex/pgf/compatibility\pgfcomp-version-1-18.sty
Package: pgfcomp-version-1-18 2025-08-29 v3.1.11a (3.1.11a)
)) (C:\Users\citcea\AppData\Local\Programs\MiKTeX\tex/latex/pgf/utilities\pgffor.sty (C:\Users\citcea\AppData\Local\Programs\MiKTeX\tex/latex/pgf/utilities\pgfkeys.sty (C:\Users\citcea\AppData\Local\Programs\MiKTeX\tex/generic/pgf/utilities\pgfkeys.code.tex)) (C:\Users\citcea\AppData\Local\Programs\MiKTeX\tex/latex/pgf/math\pgfmath.sty (C:\Users\citcea\AppData\Local\Programs\MiKTeX\tex/generic/pgf/math\pgfmath.code.tex)) (C:\Users\citcea\AppData\Local\Programs\MiKTeX\tex/generic/pgf/utilities\pgffor.code.tex
Package: pgffor 2025-08-29 v3.1.11a (3.1.11a)
\pgffor@iter=\dimen308
\pgffor@skip=\dimen309
\pgffor@stack=\toks46
\pgffor@toks=\toks47
)) (C:\Users\citcea\AppData\Local\Programs\MiKTeX\tex/generic/pgf/frontendlayer/tikz\tikz.code.tex
Package: tikz 2025-08-29 v3.1.11a (3.1.11a)
 (C:\Users\citcea\AppData\Local\Programs\MiKTeX\tex/generic/pgf/libraries\pgflibraryplothandlers.code.tex
File: pgflibraryplothandlers.code.tex 2025-08-29 v3.1.11a (3.1.11a)
\pgf@plot@mark@count=\count331
\pgfplotmarksize=\dimen310
)
\tikz@lastx=\dimen311
\tikz@lasty=\dimen312
\tikz@lastxsaved=\dimen313
\tikz@lastysaved=\dimen314
\tikz@lastmovetox=\dimen315
\tikz@lastmovetoy=\dimen316
\tikzleveldistance=\dimen317
\tikzsiblingdistance=\dimen318
\tikz@figbox=\box75
\tikz@figbox@bg=\box76
\tikz@tempbox=\box77
\tikz@tempbox@bg=\box78
\tikztreelevel=\count332
\tikznumberofchildren=\count333
\tikznumberofcurrentchild=\count334
\tikz@fig@count=\count335
 (C:\Users\citcea\AppData\Local\Programs\MiKTeX\tex/generic/pgf/modules\pgfmodulematrix.code.tex
File: pgfmodulematrix.code.tex 2025-08-29 v3.1.11a (3.1.11a)
\pgfmatrixcurrentrow=\count336
\pgfmatrixcurrentcolumn=\count337
\pgf@matrix@numberofcolumns=\count338
)
\tikz@expandcount=\count339
 (C:\Users\citcea\AppData\Local\Programs\MiKTeX\tex/generic/pgf/frontendlayer/tikz/libraries\tikzlibrarytopaths.code.tex
File: tikzlibrarytopaths.code.tex 2025-08-29 v3.1.11a (3.1.11a)
))) (C:\Users\citcea\AppData\Local\Programs\MiKTeX\tex/generic/pgf/libraries\pgflibraryarrows.meta.code.tex
File: pgflibraryarrows.meta.code.tex 2025-08-29 v3.1.11a (3.1.11a)
\pgfarrowinset=\dimen319
\pgfarrowlength=\dimen320
\pgfarrowwidth=\dimen321
\pgfarrowlinewidth=\dimen322
) (C:\Users\citcea\AppData\Local\Programs\MiKTeX\tex/generic/pgf/frontendlayer/tikz/libraries\tikzlibrarydecorations.pathreplacing.code.tex (C:\Users\citcea\AppData\Local\Programs\MiKTeX\tex/generic/pgf/frontendlayer/tikz/libraries\tikzlibrarydecorations.code.tex (C:\Users\citcea\AppData\Local\Programs\MiKTeX\tex/generic/pgf/modules\pgfmoduledecorations.code.tex
\pgfdecoratedcompleteddistance=\dimen323
\pgfdecoratedremainingdistance=\dimen324
\pgfdecoratedinputsegmentcompleteddistance=\dimen325
\pgfdecoratedinputsegmentremainingdistance=\dimen326
\pgf@decorate@distancetomove=\dimen327
\pgf@decorate@repeatstate=\count340
\pgfdecorationsegmentamplitude=\dimen328
\pgfdecorationsegmentlength=\dimen329
)
\tikz@lib@dec@box=\box79
) (C:\Users\citcea\AppData\Local\Programs\MiKTeX\tex/generic/pgf/libraries/decorations\pgflibrarydecorations.pathreplacing.code.tex)) (C:\Users\citcea\AppData\Local\Programs\MiKTeX\tex/generic/pgf/frontendlayer/tikz/libraries\tikzlibrarypositioning.code.tex
File: tikzlibrarypositioning.code.tex 2025-08-29 v3.1.11a (3.1.11a)
) (C:\Users\citcea\AppData\Local\Programs\MiKTeX\tex/latex/base\textcomp.sty
Package: textcomp 2024/04/24 v2.1b Standard LaTeX package
) (C:\Users\citcea\AppData\Local\Programs\MiKTeX\tex/latex/anyfontsize\anyfontsize.sty
Package: anyfontsize 2007/11/22 anyfontsize.sty by pts
) (C:\Users\citcea\AppData\Local\Programs\MiKTeX\tex/latex/eurosym\eurosym.sty
Package: eurosym 1998/08/06 v1.1 European currency symbol ``Euro''
\@eurobox=\box80
) (C:\Users\citcea\AppData\Local\Programs\MiKTeX\tex/latex/hyperref\hyperref.sty
Package: hyperref 2026-01-29 v7.01p Hypertext links for LaTeX
 (C:\Users\citcea\AppData\Local\Programs\MiKTeX\tex/latex/kvsetkeys\kvsetkeys.sty
Package: kvsetkeys 2022-10-05 v1.19 Key value parser (HO)
) (C:\Users\citcea\AppData\Local\Programs\MiKTeX\tex/generic/kvdefinekeys\kvdefinekeys.sty
Package: kvdefinekeys 2019-12-19 v1.6 Define keys (HO)
) (C:\Users\citcea\AppData\Local\Programs\MiKTeX\tex/generic/pdfescape\pdfescape.sty
Package: pdfescape 2019/12/09 v1.15 Implements pdfTeX's escape features (HO)
 (C:\Users\citcea\AppData\Local\Programs\MiKTeX\tex/generic/ltxcmds\ltxcmds.sty
Package: ltxcmds 2023-12-04 v1.26 LaTeX kernel commands for general use (HO)
) (C:\Users\citcea\AppData\Local\Programs\MiKTeX\tex/generic/pdftexcmds\pdftexcmds.sty
Package: pdftexcmds 2020-06-27 v0.33 Utility functions of pdfTeX for LuaTeX (HO)
 (C:\Users\citcea\AppData\Local\Programs\MiKTeX\tex/generic/infwarerr\infwarerr.sty
Package: infwarerr 2019/12/03 v1.5 Providing info/warning/error messages (HO)
)
Package pdftexcmds Info: \pdf@primitive is available.
Package pdftexcmds Info: \pdf@ifprimitive is available.
Package pdftexcmds Info: \pdfdraftmode found.
)) (C:\Users\citcea\AppData\Local\Programs\MiKTeX\tex/latex/hycolor\hycolor.sty
Package: hycolor 2020-01-27 v1.10 Color options for hyperref/bookmark (HO)
) (C:\Users\citcea\AppData\Local\Programs\MiKTeX\tex/latex/hyperref\nameref.sty
Package: nameref 2026-01-29 v2.58 Cross-referencing by name of section
 (C:\Users\citcea\AppData\Local\Programs\MiKTeX\tex/latex/refcount\refcount.sty
Package: refcount 2019/12/15 v3.6 Data extraction from label references (HO)
) (C:\Users\citcea\AppData\Local\Programs\MiKTeX\tex/generic/gettitlestring\gettitlestring.sty
Package: gettitlestring 2019/12/15 v1.6 Cleanup title references (HO)
 (C:\Users\citcea\AppData\Local\Programs\MiKTeX\tex/latex/kvoptions\kvoptions.sty
Package: kvoptions 2022-06-15 v3.15 Key value format for package options (HO)
))
\c@section@level=\count341
) (C:\Users\citcea\AppData\Local\Programs\MiKTeX\tex/generic/stringenc\stringenc.sty
Package: stringenc 2019/11/29 v1.12 Convert strings between diff. encodings (HO)
)
\@linkdim=\dimen330
\Hy@linkcounter=\count342
\Hy@pagecounter=\count343
 (C:\Users\citcea\AppData\Local\Programs\MiKTeX\tex/latex/hyperref\pd1enc.def
File: pd1enc.def 2026-01-29 v7.01p Hyperref: PDFDocEncoding definition (HO)
Now handling font encoding PD1 ...
... no UTF-8 mapping file for font encoding PD1
) (C:\Users\citcea\AppData\Local\Programs\MiKTeX\tex/generic/intcalc\intcalc.sty
Package: intcalc 2019/12/15 v1.3 Expandable calculations with integers (HO)
)
\Hy@SavedSpaceFactor=\count344
 (C:\Users\citcea\AppData\Local\Programs\MiKTeX\tex/latex/hyperref\puenc.def
File: puenc.def 2026-01-29 v7.01p Hyperref: PDF Unicode definition (HO)
Now handling font encoding PU ...
... no UTF-8 mapping file for font encoding PU
)
Package hyperref Info: Hyper figures OFF on input line 4201.
Package hyperref Info: Link nesting OFF on input line 4206.
Package hyperref Info: Hyper index ON on input line 4209.
Package hyperref Info: Plain pages OFF on input line 4216.
Package hyperref Info: Backreferencing OFF on input line 4221.
Package hyperref Info: Implicit mode ON; LaTeX internals redefined.
Package hyperref Info: Bookmarks ON on input line 4468.
\c@Hy@tempcnt=\count345
 (C:\Users\citcea\AppData\Local\Programs\MiKTeX\tex/latex/url\url.sty
\Urlmuskip=\muskip18
Package: url 2013/09/16  ver 3.4  Verb mode for urls, etc.
)
LaTeX Info: Redefining \url on input line 4807.
\XeTeXLinkMargin=\dimen331
 (C:\Users\citcea\AppData\Local\Programs\MiKTeX\tex/generic/bitset\bitset.sty
Package: bitset 2019/12/09 v1.3 Handle bit-vector datatype (HO)
 (C:\Users\citcea\AppData\Local\Programs\MiKTeX\tex/generic/bigintcalc\bigintcalc.sty
Package: bigintcalc 2019/12/15 v1.5 Expandable calculations on big integers (HO)
))
\Fld@menulength=\count346
\Field@Width=\dimen332
\Fld@charsize=\dimen333
Package hyperref Info: Hyper figures OFF on input line 6084.
Package hyperref Info: Link nesting OFF on input line 6089.
Package hyperref Info: Hyper index ON on input line 6092.
Package hyperref Info: backreferencing OFF on input line 6099.
Package hyperref Info: Link coloring OFF on input line 6104.
Package hyperref Info: Link coloring with OCG OFF on input line 6109.
Package hyperref Info: PDF/A mode OFF on input line 6114.
\Hy@abspage=\count347
\c@Item=\count348
\c@Hfootnote=\count349
)
Package hyperref Info: Driver (autodetected): hpdftex.
 (C:\Users\citcea\AppData\Local\Programs\MiKTeX\tex/latex/hyperref\hpdftex.def
File: hpdftex.def 2026-01-29 v7.01p Hyperref driver for pdfTeX
\Fld@listcount=\count350
\c@bookmark@seq@number=\count351
 (C:\Users\citcea\AppData\Local\Programs\MiKTeX\tex/latex/rerunfilecheck\rerunfilecheck.sty
Package: rerunfilecheck 2025-06-21 v1.11 Rerun checks for auxiliary files (HO)
 (C:\Users\citcea\AppData\Local\Programs\MiKTeX\tex/generic/uniquecounter\uniquecounter.sty
Package: uniquecounter 2019/12/15 v1.4 Provide unlimited unique counter (HO)
)
Package uniquecounter Info: New unique counter `rerunfilecheck' on input line 284.
)
\Hy@SectionHShift=\skip66
) (C:\Users\citcea\AppData\Local\Programs\MiKTeX\tex/latex/bookmark\bookmark.sty
Package: bookmark 2023-12-10 v1.31 PDF bookmarks (HO)

(C:\Users\citcea\AppData\Local\Programs\MiKTeX\tex/latex/bookmark\bkm-pdftex.def
File: bkm-pdftex.def 2023-12-10 v1.31 bookmark driver for pdfTeX and luaTeX (HO)
\BKM@id=\count352
)) (revised_manuscript_2.aux)
\openout1 = `revised_manuscript_2.aux'.

LaTeX Font Info:    Checking defaults for OML/cmm/m/it on input line 69.
LaTeX Font Info:    ... okay on input line 69.
LaTeX Font Info:    Checking defaults for OMS/cmsy/m/n on input line 69.
LaTeX Font Info:    ... okay on input line 69.
LaTeX Font Info:    Checking defaults for OT1/cmr/m/n on input line 69.
LaTeX Font Info:    ... okay on input line 69.
LaTeX Font Info:    Checking defaults for T1/cmr/m/n on input line 69.
LaTeX Font Info:    ... okay on input line 69.
LaTeX Font Info:    Checking defaults for TS1/cmr/m/n on input line 69.
LaTeX Font Info:    ... okay on input line 69.
LaTeX Font Info:    Checking defaults for OMX/cmex/m/n on input line 69.
LaTeX Font Info:    ... okay on input line 69.
LaTeX Font Info:    Checking defaults for U/cmr/m/n on input line 69.
LaTeX Font Info:    ... okay on input line 69.
LaTeX Font Info:    Checking defaults for PD1/pdf/m/n on input line 69.
LaTeX Font Info:    ... okay on input line 69.
LaTeX Font Info:    Checking defaults for PU/pdf/m/n on input line 69.
LaTeX Font Info:    ... okay on input line 69.
 (C:\Users\citcea\AppData\Local\Programs\MiKTeX\tex/context/base/mkii\supp-pdf.mkii
[Loading MPS to PDF converter (version 2006.09.02).]
\scratchcounter=\count353
\scratchdimen=\dimen334
\scratchbox=\box81
\nofMPsegments=\count354
\nofMParguments=\count355
\everyMPshowfont=\toks48
\MPscratchCnt=\count356
\MPscratchDim=\dimen335
\MPnumerator=\count357
\makeMPintoPDFobject=\count358
\everyMPtoPDFconversion=\toks49
) (C:\Users\citcea\AppData\Local\Programs\MiKTeX\tex/latex/epstopdf-pkg\epstopdf-base.sty
Package: epstopdf-base 2020-01-24 v2.11 Base part for package epstopdf
Package epstopdf-base Info: Redefining graphics rule for `.eps' on input line 485.
 (C:\Users\citcea\AppData\Local\Programs\MiKTeX\tex/latex/00miktex\epstopdf-sys.cfg
File: epstopdf-sys.cfg 2021/03/18 v2.0 Configuration of epstopdf for MiKTeX
))
Package caption Info: Begin \AtBeginDocument code.
Package caption Info: hyperref package is loaded.
Package caption Info: End \AtBeginDocument code.

*geometry* driver: auto-detecting
*geometry* detected driver: pdftex
*geometry* verbose mode - [ preamble ] result:
* driver: pdftex
* paper: <default>
* layout: <same size as paper>
* layoutoffset:(h,v)=(0.0pt,0.0pt)
* modes: 
* h-part:(L,W,R)=(72.26999pt, 469.75502pt, 72.26999pt)
* v-part:(T,H,B)=(72.26999pt, 650.43001pt, 72.26999pt)
* \paperwidth=614.295pt
* \paperheight=794.96999pt
* \textwidth=469.75502pt
* \textheight=650.43001pt
* \oddsidemargin=0.0pt
* \evensidemargin=0.0pt
* \topmargin=-37.0pt
* \headheight=12.0pt
* \headsep=25.0pt
* \topskip=12.0pt
* \footskip=30.0pt
* \marginparwidth=44.0pt
* \marginparsep=10.0pt
* \columnsep=10.0pt
* \skip\footins=24.0pt
* \hoffset=0.0pt
* \voffset=0.0pt
* \mag=1000
* \@twocolumnfalse
* \@twosidefalse
* \@mparswitchfalse
* \@reversemarginfalse
* (1in=72.27pt=25.4mm, 1cm=28.453pt)

Package hyperref Info: Link coloring OFF on input line 69.
LaTeX Font Info:    Trying to load font information for U+msa on input line 103.
(C:\Users\citcea\AppData\Local\Programs\MiKTeX\tex/latex/amsfonts\umsa.fd
File: umsa.fd 2013/01/14 v3.01 AMS symbols A
)
LaTeX Font Info:    Trying to load font information for U+msb on input line 103.
 (C:\Users\citcea\AppData\Local\Programs\MiKTeX\tex/latex/amsfonts\umsb.fd
File: umsb.fd 2013/01/14 v3.01 AMS symbols B
)
Overfull \hbox (2.61108pt too wide) has occurred while \output is active
[] 
 []

[1


{C:/Users/citcea/AppData/Local/MiKTeX/fonts/map/pdftex/pdftex.map}] [2] [3] [4] [5] [6] [7] [8]
<methodology_diagram.png, id=191, 5861.9pt x 2880.7625pt>
File: methodology_diagram.png Graphic file (type png)
<use methodology_diagram.png>
Package pdftex.def Info: methodology_diagram.png  used on input line 316.
(pdftex.def)             Requested size: 398.33858pt x 195.7398pt.


LaTeX Warning: `!h' float specifier changed to `!ht'.

[9]
<methodology.drawionew.png, id=207, 11151.6625pt x 4245.8625pt>
File: methodology.drawionew.png Graphic file (type png)
<use methodology.drawionew.png>
Package pdftex.def Info: methodology.drawionew.png  used on input line 335.
(pdftex.def)             Requested size: 412.56496pt x 157.04262pt.


LaTeX Warning: `!h' float specifier changed to `!ht'.

[10 <./methodology_diagram.png>] [11 <./methodology.drawionew.png>] [12]
<latencydiagram.png, id=239, 5349.9875pt x 3332.45pt>
File: latencydiagram.png Graphic file (type png)
<use latencydiagram.png>
Package pdftex.def Info: latencydiagram.png  used on input line 439.
(pdftex.def)             Requested size: 398.33858pt x 248.0924pt.


LaTeX Warning: `!h' float specifier changed to `!ht'.

[13] [14 <./latencydiagram.png>] [15] [16]
<task_flex_conditions.png, id=289, 6012.4625pt x 1937.2375pt>
File: task_flex_conditions.png Graphic file (type png)
<use task_flex_conditions.png>
Package pdftex.def Info: task_flex_conditions.png  used on input line 552.
(pdftex.def)             Requested size: 398.33858pt x 128.3192pt.
 [17 <./task_flex_conditions.png>] [18] [19]
<A.png, id=337, 1011.78pt x 578.16pt>
File: A.png Graphic file (type png)
<use A.png>
Package pdftex.def Info: A.png  used on input line 641.
(pdftex.def)             Requested size: 422.77664pt x 241.59045pt.
<B.png, id=338, 1011.78pt x 578.16pt>
File: B.png Graphic file (type png)
<use B.png>
Package pdftex.def Info: B.png  used on input line 650.
(pdftex.def)             Requested size: 422.77664pt x 241.59045pt.


LaTeX Warning: `!h' float specifier changed to `!ht'.

[20] [21 <./A.png> <./B.png>] [22]
<flexibility_value_function_color.png, id=365, 1084.05pt x 722.7pt>
File: flexibility_value_function_color.png Graphic file (type png)
<use flexibility_value_function_color.png>
Package pdftex.def Info: flexibility_value_function_color.png  used on input line 728.
(pdftex.def)             Requested size: 398.33858pt x 265.55322pt.
 [23 <./flexibility_value_function_color.png>]
<a_posteriori_interval1.png, id=378, 714.7503pt x 353.6412pt>
File: a_posteriori_interval1.png Graphic file (type png)
<use a_posteriori_interval1.png>
Package pdftex.def Info: a_posteriori_interval1.png  used on input line 754.
(pdftex.def)             Requested size: 422.77664pt x 209.1861pt.
<a_posteriori_interval2.png, id=379, 714.7503pt x 353.6412pt>
File: a_posteriori_interval2.png Graphic file (type png)
<use a_posteriori_interval2.png>
Package pdftex.def Info: a_posteriori_interval2.png  used on input line 763.
(pdftex.def)             Requested size: 422.77664pt x 209.1861pt.


LaTeX Warning: `!h' float specifier changed to `!ht'.


LaTeX Warning: `!h' float specifier changed to `!ht'.

[24] [25 <./a_posteriori_interval1.png> <./a_posteriori_interval2.png>] [26]
<LARGE_DEFAULT_BASELINE_ZETA_0.png, id=408, 1011.78pt x 433.62pt>
File: LARGE_DEFAULT_BASELINE_ZETA_0.png Graphic file (type png)
<use LARGE_DEFAULT_BASELINE_ZETA_0.png>
Package pdftex.def Info: LARGE_DEFAULT_BASELINE_ZETA_0.png  used on input line 854.
(pdftex.def)             Requested size: 398.33858pt x 170.71892pt.
 [27 <./LARGE_DEFAULT_BASELINE_ZETA_0.png>]
<power_consumption_3x3_LARGE_DEFAULT_BASELINE.png, id=419, 1445.4pt x 1011.78pt>
File: power_consumption_3x3_LARGE_DEFAULT_BASELINE.png Graphic file (type png)
<use power_consumption_3x3_LARGE_DEFAULT_BASELINE.png>
Package pdftex.def Info: power_consumption_3x3_LARGE_DEFAULT_BASELINE.png  used on input line 865.
(pdftex.def)             Requested size: 398.33858pt x 278.83473pt.
<LAD_flex_P1_explanation_DEFAULT_BASELINE.png, id=421, 1011.78pt x 433.62pt>
File: LAD_flex_P1_explanation_DEFAULT_BASELINE.png Graphic file (type png)
<use LAD_flex_P1_explanation_DEFAULT_BASELINE.png>
Package pdftex.def Info: LAD_flex_P1_explanation_DEFAULT_BASELINE.png  used on input line 874.
(pdftex.def)             Requested size: 398.33858pt x 170.71892pt.


LaTeX Warning: `!h' float specifier changed to `!ht'.

[28 <./power_consumption_3x3_LARGE_DEFAULT_BASELINE.png>] [29 <./LAD_flex_P1_explanation_DEFAULT_BASELINE.png>]
<LARGE_DEFAULT_DAM_ZETA_0.png, id=438, 1011.78pt x 433.62pt>
File: LARGE_DEFAULT_DAM_ZETA_0.png Graphic file (type png)
<use LARGE_DEFAULT_DAM_ZETA_0.png>
Package pdftex.def Info: LARGE_DEFAULT_DAM_ZETA_0.png  used on input line 930.
(pdftex.def)             Requested size: 398.33858pt x 170.71892pt.
<power_consumption_3x3_LARGE_DEFAULT_DAM.png, id=440, 1445.4pt x 1011.78pt>
File: power_consumption_3x3_LARGE_DEFAULT_DAM.png Graphic file (type png)
<use power_consumption_3x3_LARGE_DEFAULT_DAM.png>
Package pdftex.def Info: power_consumption_3x3_LARGE_DEFAULT_DAM.png  used on input line 939.
(pdftex.def)             Requested size: 398.33858pt x 278.83473pt.


LaTeX Warning: `!h' float specifier changed to `!ht'.

[30 <./LARGE_DEFAULT_DAM_ZETA_0.png>]
<LAD_flex_P1_explanation_DEFAULT_DAM.png, id=450, 1011.78pt x 433.62pt>
File: LAD_flex_P1_explanation_DEFAULT_DAM.png Graphic file (type png)
<use LAD_flex_P1_explanation_DEFAULT_DAM.png>
Package pdftex.def Info: LAD_flex_P1_explanation_DEFAULT_DAM.png  used on input line 948.
(pdftex.def)             Requested size: 398.33858pt x 170.71892pt.


LaTeX Warning: `!h' float specifier changed to `!ht'.


LaTeX Warning: `!h' float specifier changed to `!ht'.

[31 <./power_consumption_3x3_LARGE_DEFAULT_DAM.png>] [32 <./LAD_flex_P1_explanation_DEFAULT_DAM.png>]
<LARGE_DEFAULT_mFRR_ZETA_0.png, id=469, 1011.78pt x 433.62pt>
File: LARGE_DEFAULT_mFRR_ZETA_0.png Graphic file (type png)
<use LARGE_DEFAULT_mFRR_ZETA_0.png>
Package pdftex.def Info: LARGE_DEFAULT_mFRR_ZETA_0.png  used on input line 1004.
(pdftex.def)             Requested size: 398.33858pt x 170.71892pt.
<power_consumption_3x3_LARGE_DEFAULT_mFRR.png, id=471, 1445.4pt x 1011.78pt>
File: power_consumption_3x3_LARGE_DEFAULT_mFRR.png Graphic file (type png)
<use power_consumption_3x3_LARGE_DEFAULT_mFRR.png>
Package pdftex.def Info: power_consumption_3x3_LARGE_DEFAULT_mFRR.png  used on input line 1015.
(pdftex.def)             Requested size: 398.33858pt x 278.83473pt.


LaTeX Warning: `!h' float specifier changed to `!ht'.

<LAD_flex_P1_explanation_DEFAULT_mFRR.png, id=473, 1011.78pt x 433.62pt>
File: LAD_flex_P1_explanation_DEFAULT_mFRR.png Graphic file (type png)
<use LAD_flex_P1_explanation_DEFAULT_mFRR.png>
Package pdftex.def Info: LAD_flex_P1_explanation_DEFAULT_mFRR.png  used on input line 1024.
(pdftex.def)             Requested size: 398.33858pt x 170.71892pt.

LaTeX Warning: `!h' float specifier changed to `!ht'.

[33 <./LARGE_DEFAULT_mFRR_ZETA_0.png>] [34 <./power_consumption_3x3_LARGE_DEFAULT_mFRR.png> <./LAD_flex_P1_explanation_DEFAULT_mFRR.png>]
<time_series_overlay_sample_week.png, id=492, 1287.3696pt x 390.258pt>
File: time_series_overlay_sample_week.png Graphic file (type png)
<use time_series_overlay_sample_week.png>
Package pdftex.def Info: time_series_overlay_sample_week.png  used on input line 1076.
(pdftex.def)             Requested size: 469.75502pt x 142.40427pt.


LaTeX Warning: `!h' float specifier changed to `!ht'.

[35]
<combined_comparison_publication_ready.png, id=501, 1255.5708pt x 429.5247pt>
File: combined_comparison_publication_ready.png Graphic file (type png)
<use combined_comparison_publication_ready.png>
Package pdftex.def Info: combined_comparison_publication_ready.png  used on input line 1089.
(pdftex.def)             Requested size: 469.75502pt x 160.69778pt.
 [36 <./time_series_overlay_sample_week.png> <./combined_comparison_publication_ready.png>]
<notable_points_comparison.png, id=510, 1145.2386pt x 494.0859pt>
File: notable_points_comparison.png Graphic file (type png)
<use notable_points_comparison.png>
Package pdftex.def Info: notable_points_comparison.png  used on input line 1102.
(pdftex.def)             Requested size: 469.75502pt x 202.66699pt.
 [37 <./notable_points_comparison.png>]
<hourly_yield_comparison.png, id=520, 711.3777pt x 494.5677pt>
File: hourly_yield_comparison.png Graphic file (type png)
<use hourly_yield_comparison.png>
Package pdftex.def Info: hourly_yield_comparison.png  used on input line 1124.
(pdftex.def)             Requested size: 375.80544pt x 261.26688pt.
 [38 <./hourly_yield_comparison.png>]
<rebound_energy_summary.png, id=527, 1289.2968pt x 421.8159pt>
File: rebound_energy_summary.png Graphic file (type png)
<use rebound_energy_summary.png>
Package pdftex.def Info: rebound_energy_summary.png  used on input line 1148.
(pdftex.def)             Requested size: 469.75502pt x 153.68797pt.


LaTeX Warning: `!h' float specifier changed to `!ht'.

[39 <./rebound_energy_summary.png>]
<sensitivity_grid_fixed_shading_distinct_latencies.png, id=538, 1445.4pt x 1011.78pt>
File: sensitivity_grid_fixed_shading_distinct_latencies.png Graphic file (type png)
<use sensitivity_grid_fixed_shading_distinct_latencies.png>
Package pdftex.def Info: sensitivity_grid_fixed_shading_distinct_latencies.png  used on input line 1220.
(pdftex.def)             Requested size: 398.33858pt x 278.83473pt.


LaTeX Warning: `!h' float specifier changed to `!ht'.


LaTeX Warning: `!h' float specifier changed to `!ht'.

[40] [41 <./sensitivity_grid_fixed_shading_distinct_latencies.png>]
<sensitivity_KDE_latency_filtered_improved.png, id=554, 1084.05pt x 722.7pt>
File: sensitivity_KDE_latency_filtered_improved.png Graphic file (type png)
<use sensitivity_KDE_latency_filtered_improved.png>
Package pdftex.def Info: sensitivity_KDE_latency_filtered_improved.png  used on input line 1255.
(pdftex.def)             Requested size: 398.33858pt x 265.55322pt.
 [42 <./sensitivity_KDE_latency_filtered_improved.png>]
<error_and_scatter_combined_zeta_010_030_050_loglog.png, id=568, 1057.7919pt x 421.8159pt>
File: error_and_scatter_combined_zeta_010_030_050_loglog.png Graphic file (type png)
<use error_and_scatter_combined_zeta_010_030_050_loglog.png>
Package pdftex.def Info: error_and_scatter_combined_zeta_010_030_050_loglog.png  used on input line 1296.
(pdftex.def)             Requested size: 469.75502pt x 187.32451pt.
<deferred_power_timeseries_3x3_zeta_DEFAULT_BASELINE.png, id=570, 1445.4pt x 1011.78pt>
File: deferred_power_timeseries_3x3_zeta_DEFAULT_BASELINE.png Graphic file (type png)
<use deferred_power_timeseries_3x3_zeta_DEFAULT_BASELINE.png>
Package pdftex.def Info: deferred_power_timeseries_3x3_zeta_DEFAULT_BASELINE.png  used on input line 1305.
(pdftex.def)             Requested size: 469.75502pt x 328.8246pt.
<confusion_matrix_zeta_comparison_DEFAULT_BASELINE.png, id=572, 1277.9745pt x 433.3791pt>
File: confusion_matrix_zeta_comparison_DEFAULT_BASELINE.png Graphic file (type png)
<use confusion_matrix_zeta_comparison_DEFAULT_BASELINE.png>
Package pdftex.def Info: confusion_matrix_zeta_comparison_DEFAULT_BASELINE.png  used on input line 1314.
(pdftex.def)             Requested size: 469.75502pt x 159.29631pt.
 [43 <./error_and_scatter_combined_zeta_010_030_050_loglog.png>] [44 <./deferred_power_timeseries_3x3_zeta_DEFAULT_BASELINE.png> <./confusion_matrix_zeta_comparison_DEFAULT_BASELINE.png>]
<flexibility_sensitivity_all_points_impr_clean.png, id=591, 1445.4pt x 867.24pt>
File: flexibility_sensitivity_all_points_impr_clean.png Graphic file (type png)
<use flexibility_sensitivity_all_points_impr_clean.png>
Package pdftex.def Info: flexibility_sensitivity_all_points_impr_clean.png  used on input line 1395.
(pdftex.def)             Requested size: 483.69684pt x 290.21292pt.

Overfull \hbox (13.94182pt too wide) in paragraph at lines 1395--1396
 [][] 
 []


LaTeX Warning: `!h' float specifier changed to `!ht'.

[45]
Overfull \hbox (9.39716pt too wide) in paragraph at lines 1437--1437
[]|\OT1/cmr/m/n/8 (min)| 
 []


Overfull \hbox (9.39716pt too wide) in paragraph at lines 1437--1437
[]|\OT1/cmr/m/n/8 (min)| 
 []


Overfull \hbox (9.39716pt too wide) in paragraph at lines 1437--1437
[]|\OT1/cmr/m/n/8 (min)| 
 []


Overfull \hbox (9.39716pt too wide) in paragraph at lines 1437--1437
[]|\OT1/cmr/m/n/8 (min)| 
 []


Overfull \hbox (9.39716pt too wide) in paragraph at lines 1437--1437
[]|\OT1/cmr/m/n/8 (min)| 
 []


Overfull \hbox (9.39716pt too wide) in paragraph at lines 1437--1437
[]|\OT1/cmr/m/n/8 (min)| 
 []


Overfull \hbox (9.39716pt too wide) in paragraph at lines 1437--1437
[]|\OT1/cmr/m/n/8 (min)| 
 []


Overfull \hbox (9.39716pt too wide) in paragraph at lines 1437--1437
[]|\OT1/cmr/m/n/8 (min)| 
 []


Overfull \hbox (9.39716pt too wide) in paragraph at lines 1437--1437
[]|\OT1/cmr/m/n/8 (min)| 
 []


Overfull \hbox (1.45413pt too wide) in paragraph at lines 1437--1437
[]|\OT1/cmr/m/n/8 65.7| 
 []


Overfull \hbox (1.45413pt too wide) in paragraph at lines 1437--1437
[]|\OT1/cmr/m/n/8 54.3| 
 []


Overfull \hbox (1.45413pt too wide) in paragraph at lines 1437--1437
[]|\OT1/cmr/m/n/8 86.7| 
 []


Overfull \hbox (1.45413pt too wide) in paragraph at lines 1437--1437
[]|\OT1/cmr/m/n/8 77.2| 
 []


Overfull \hbox (1.45413pt too wide) in paragraph at lines 1437--1437
[]|\OT1/cmr/m/n/8 56.6| 
 []


Overfull \hbox (1.45413pt too wide) in paragraph at lines 1437--1437
[]|\OT1/cmr/m/n/8 86.7| 
 []


Overfull \hbox (1.45413pt too wide) in paragraph at lines 1437--1437
[]|\OT1/cmr/m/n/8 92.1| 
 []


Overfull \hbox (1.45413pt too wide) in paragraph at lines 1437--1437
[]|\OT1/cmr/m/n/8 61.0| 
 []


Overfull \hbox (1.45413pt too wide) in paragraph at lines 1437--1437
[]|\OT1/cmr/m/n/8 86.7| 
 []


Overfull \hbox (1.45413pt too wide) in paragraph at lines 1437--1437
[]|\OT1/cmr/m/n/8 79.8| 
 []


Overfull \hbox (1.45413pt too wide) in paragraph at lines 1437--1437
[]|\OT1/cmr/m/n/8 70.6| 
 []


Overfull \hbox (1.45413pt too wide) in paragraph at lines 1437--1437
[]|\OT1/cmr/m/n/8 86.7| 
 []


Overfull \hbox (1.45413pt too wide) in paragraph at lines 1437--1437
[]|\OT1/cmr/m/n/8 94.4| 
 []


Overfull \hbox (1.45413pt too wide) in paragraph at lines 1437--1437
[]|\OT1/cmr/m/n/8 84.5| 
 []


Overfull \hbox (1.45413pt too wide) in paragraph at lines 1437--1437
[]|\OT1/cmr/m/n/8 86.7| 
 []


Overfull \hbox (5.7042pt too wide) in paragraph at lines 1437--1437
[]|\OT1/cmr/m/n/8 101.4| 
 []


Overfull \hbox (1.45413pt too wide) in paragraph at lines 1437--1437
[]|\OT1/cmr/m/n/8 97.5| 
 []


Overfull \hbox (1.45413pt too wide) in paragraph at lines 1437--1437
[]|\OT1/cmr/m/n/8 87.0| 
 []


Overfull \hbox (1.36926pt too wide) in paragraph at lines 1437--1437
[]|\OT1/cmr/m/n/8 105| 
 []


Overfull \hbox (1.45413pt too wide) in paragraph at lines 1437--1437
[]|\OT1/cmr/m/n/8 85.2| 
 []


Overfull \hbox (1.45413pt too wide) in paragraph at lines 1437--1437
[]|\OT1/cmr/m/n/8 77.4| 
 []


Overfull \hbox (1.45413pt too wide) in paragraph at lines 1437--1437
[]|\OT1/cmr/m/n/8 86.7| 
 []


Overfull \hbox (1.45413pt too wide) in paragraph at lines 1437--1437
[]|\OT1/cmr/m/n/8 98.1| 
 []


Overfull \hbox (1.45413pt too wide) in paragraph at lines 1437--1437
[]|\OT1/cmr/m/n/8 92.3| 
 []


Overfull \hbox (1.45413pt too wide) in paragraph at lines 1437--1437
[]|\OT1/cmr/m/n/8 86.7| 
 []


Overfull \hbox (1.36926pt too wide) in paragraph at lines 1437--1437
[]|\OT1/cmr/m/n/8 105| 
 []


Overfull \hbox (5.7042pt too wide) in paragraph at lines 1437--1437
[]|\OT1/cmr/m/n/8 101.9| 
 []


Overfull \hbox (5.7042pt too wide) in paragraph at lines 1437--1437
[]|\OT1/cmr/m/n/8 100.6| 
 []


Overfull \hbox (1.45413pt too wide) in paragraph at lines 1437--1437
[]|\OT1/cmr/m/n/8 87.2| 
 []


Overfull \hbox (1.36926pt too wide) in paragraph at lines 1437--1437
[]|\OT1/cmr/m/n/8 105| 
 []


Overfull \hbox (32.01457pt too wide) in paragraph at lines 1411--1438
 [][] 
 []

[46 <./flexibility_sensitivity_all_points_impr_clean.png>] [47] [48] [49] [50] (revised_manuscript_2.bbl
Underfull \hbox (badness 2529) in paragraph at lines 9--12
[]\OT1/cmr/m/n/12 International En-ergy Agency, En-ergy and ai, []$\OT1/cmtt/m/n/12 https : / / www . iea . org / reports /
 []


Underfull \hbox (badness 10000) in paragraph at lines 21--29
\OT1/cmr/m/n/12 URL []$\OT1/cmtt/m/n/12 https : / / www . sciencedirect . com / science / article / abs / pii /
 []


Underfull \hbox (badness 1789) in paragraph at lines 38--45
[]\OT1/cmr/m/n/12 P. Purkait, M. Basu, S. R. Nath, "Re-new-able en-ergy in-te-gra-tion to elec-tric
 []


Underfull \hbox (badness 2042) in paragraph at lines 38--45
\OT1/cmr/m/n/12 power grid: Op-por-tu-ni-ties, chal-lenges, and so-lu-tions", in: En-ergy, En-vi-ron-
 []

[51]
Underfull \hbox (badness 7722) in paragraph at lines 136--144
\OT1/cmr/m/n/12 URL []$\OT1/cmtt/m/n/12 https : / / www-[]sciencedirect-[]com . recursos . biblioteca . upc . edu / science /
 []

[52]
Underfull \hbox (badness 10000) in paragraph at lines 155--162
\OT1/cmr/m/n/12 URL []$\OT1/cmtt/m/n/12 https : / / www . sciencedirect . com / science / article / abs / pii /
 []

[53]
Underfull \hbox (badness 10000) in paragraph at lines 249--258
\OT1/cmr/m/n/12 URL []$\OT1/cmtt/m/n/12 http : / / arxiv . org / abs / 2109 . 01313http : / / dx . doi . org / 10 . 1145 / 3458817 .
 []


Underfull \hbox (badness 10000) in paragraph at lines 283--288
\OT1/cmr/m/n/12 URL []$\OT1/cmtt/m/n/12 https : / / www . scopus . com / inward / record . uri ? eid = 2-[]s2 . 0-[]85096752325 &
 []


Underfull \hbox (badness 10000) in paragraph at lines 290--300
\OT1/cmr/m/n/12 URL []$\OT1/cmtt/m/n/12 https : / / www . mdpi . com / 1996-[]1073 / 11 / 4 / 822 / htmhttps : / / www . mdpi . com /
 []

[54]
Underfull \hbox (badness 10000) in paragraph at lines 302--310
\OT1/cmr/m/n/12 URL []$\OT1/cmtt/m/n/12 https : / / www . sciencedirect . com / science / article / pii /
 []


Underfull \hbox (badness 3514) in paragraph at lines 312--319
[]\OT1/cmr/m/n/12 J. Iria, F. Soares, []Real-time pro-vi-sion of mul-ti-ple elec-tric-ity mar-ket prod-
 []


Underfull \hbox (badness 5446) in paragraph at lines 312--319
\OT1/cmr/m/n/12 ucts by an ag-gre-ga-tor of pro-sumers[], Ap-plied En-ergy 255 (2019) 113792.
 []


Underfull \hbox (badness 10000) in paragraph at lines 312--319
\OT1/cmr/m/n/12 URL []$\OT1/cmtt/m/n/12 https : / / www . sciencedirect . com / science / article / abs / pii /
 []


Underfull \hbox (badness 10000) in paragraph at lines 321--328
\OT1/cmr/m/n/12 URL []$\OT1/cmtt/m/n/12 https : / / www . sciencedirect . com / science / article / abs / pii /
 []


Underfull \hbox (badness 3579) in paragraph at lines 354--357
[]\OT1/cmr/m/n/12 Alibaba Ma-chine Learn-ing Plat-form for AI, []$\OT1/cmtt/m/n/12 https : / / www . alibabacloud . com /
 []

[55]
Underfull \hbox (badness 1715) in paragraph at lines 423--427
[]\OT1/cmr/m/n/12 European Net-work of Trans-mis-sion Sys-tem Op-er-a-tors for Elec-tric-ity (ENTSO-
 []


Underfull \hbox (badness 10000) in paragraph at lines 423--427
\OT1/cmr/m/n/12 E), Entso-e mar-ket re-port 2024, []$\OT1/cmtt/m/n/12 https : / / eepublicdownloads . entsoe . eu /
 []


Underfull \hbox (badness 3815) in paragraph at lines 423--427
\OT1/cmtt/m/n/12 clean-[]documents / nc-[]tasks / 240628 _ ENTSO-[]E _ Market _ Report _ 2024 . pdf$[]\OT1/cmr/m/n/12 , ac-cessed:
 []

) [56] (revised_manuscript_2.aux)
 ***********
LaTeX2e <2025-11-01>
L3 programming layer <2026-01-19>
 ***********
 ) 
Here is how much of TeX's memory you used:
 25434 strings out of 467867
 484211 string characters out of 5417850
 889884 words of memory out of 5000000
 53658 multiletter control sequences out of 15000+600000
 637395 words of font info for 78 fonts, out of 8000000 for 9000
 1141 hyphenation exceptions out of 8191
 84i,17n,94p,2234b,746s stack positions out of 10000i,1000n,20000p,200000b,200000s
 <C:\Users\citcea\AppData\Local\MiKTeX\fonts/pk/ljfour/jknappen/ec/dpi600\tcrm1000.pk> <C:\Users\citcea\AppData\Local\MiKTeX\fonts/pk/ljfour/jknappen/ec/dpi600\tcrm0800.pk> <C:\Users\citcea\AppData\Local\MiKTeX\fonts/pk/ljfour/jknappen/ec/dpi600\tcrm1200.pk><C:/Users/citcea/AppData/Local/Programs/MiKTeX/fonts/type1/public/amsfonts/cm/cmbx12.pfb><C:/Users/citcea/AppData/Local/Programs/MiKTeX/fonts/type1/public/amsfonts/cm/cmex10.pfb><C:/Users/citcea/AppData/Local/Programs/MiKTeX/fonts/type1/public/amsfonts/cm/cmmi10.pfb><C:/Users/citcea/AppData/Local/Programs/MiKTeX/fonts/type1/public/amsfonts/cm/cmmi12.pfb><C:/Users/citcea/AppData/Local/Programs/MiKTeX/fonts/type1/public/amsfonts/cm/cmmi6.pfb><C:/Users/citcea/AppData/Local/Programs/MiKTeX/fonts/type1/public/amsfonts/cm/cmmi7.pfb><C:/Users/citcea/AppData/Local/Programs/MiKTeX/fonts/type1/public/amsfonts/cm/cmmi8.pfb><C:/Users/citcea/AppData/Local/Programs/MiKTeX/fonts/type1/public/amsfonts/cm/cmr10.pfb><C:/Users/citcea/AppData/Local/Programs/MiKTeX/fonts/type1/public/amsfonts/cm/cmr12.pfb><C:/Users/citcea/AppData/Local/Programs/MiKTeX/fonts/type1/public/amsfonts/cm/cmr17.pfb><C:/Users/citcea/AppData/Local/Programs/MiKTeX/fonts/type1/public/amsfonts/cm/cmr6.pfb><C:/Users/citcea/AppData/Local/Programs/MiKTeX/fonts/type1/public/amsfonts/cm/cmr7.pfb><C:/Users/citcea/AppData/Local/Programs/MiKTeX/fonts/type1/public/amsfonts/cm/cmr8.pfb><C:/Users/citcea/AppData/Local/Programs/MiKTeX/fonts/type1/public/amsfonts/cm/cmsy10.pfb><C:/Users/citcea/AppData/Local/Programs/MiKTeX/fonts/type1/public/amsfonts/cm/cmsy6.pfb><C:/Users/citcea/AppData/Local/Programs/MiKTeX/fonts/type1/public/amsfonts/cm/cmsy7.pfb><C:/Users/citcea/AppData/Local/Programs/MiKTeX/fonts/type1/public/amsfonts/cm/cmsy8.pfb><C:/Users/citcea/AppData/Local/Programs/MiKTeX/fonts/type1/public/amsfonts/cm/cmti10.pfb><C:/Users/citcea/AppData/Local/Programs/MiKTeX/fonts/type1/public/amsfonts/cm/cmti12.pfb><C:/Users/citcea/AppData/Local/Programs/MiKTeX/fonts/type1/public/amsfonts/cm/cmti7.pfb><C:/Users/citcea/AppData/Local/Programs/MiKTeX/fonts/type1/public/amsfonts/cm/cmtt10.pfb><C:/Users/citcea/AppData/Local/Programs/MiKTeX/fonts/type1/public/amsfonts/cm/cmtt12.pfb>
Output written on revised_manuscript_2.pdf (56 pages, 17628269 bytes).
PDF statistics:
 1067 PDF objects out of 1200 (max. 8388607)
 229 named destinations out of 1000 (max. 500000)
 446 words of extra memory for PDF output out of 10000 (max. 10000000)

